507249808248406016||2708906583||RT @canalN_: #Protransporte estima que en 15 días el #CorredorAzul funcione plenamente ► http://t.co/qVXO8Yubz1||Wed Sep 03 19:32:33 +0000 2014||1||0
507249837478522882||1365874993||RT @RossyTorres93: #CorredorAzul 2º día que llego tarde a clases por esperar esos carros, que son largas colas, que pasan llenos, que de 30…||Wed Sep 03 19:32:40 +0000 2014||1||0
507249871955693569||1365874993||RT @KaUbillus: Ayer subí a esos nuevos buse azules, que terrible !!! Mala organización, sube demasiada gente y va lento #AmericaNoticias #c…||Wed Sep 03 19:32:48 +0000 2014||1||0
507249947440603136||1365874993||RT @elcomercio: "Hacer colas es un acto de civismo", afirma presidente de Emape http://t.co/AHlfpNU6iD #CorredorAzul http://t.co/9AbUi7KQpK||Wed Sep 03 19:33:06 +0000 2014||1||0
507249968546344960||1365874993||RT @devprincess_: Susana, susana tus errores...#CorredorAzul||Wed Sep 03 19:33:11 +0000 2014||1||0
507249996232945664||1365874993||RT @markozjosem: @SVnotrabaja. Ya se por q no hay mas buses en el #CorredorAzul. ... Aun no secan los últimos que pintaron.... Jejeje||Wed Sep 03 19:33:18 +0000 2014||1||0
507250021944033280||118261319||RT @ce__x: Para todos los que andan en contra del #CorredorAzul https://t.co/Z5Vhf6Oroz||Wed Sep 03 19:33:24 +0000 2014||1||0
507250023638499328||2425749214||RT @diariocorreo: #CorredorAzul: Registran asaltos y robos en las filas de pasajeros http://t.co/RRxchMJvhs||Wed Sep 03 19:33:24 +0000 2014||1||0
507250029103697921||1365874993||RT @DuchoDepe: NO, no es una combi, no es una cúster, es un bus EURO3, recargando combustible CON BALDES! #CorredorAzul  http://t.co/GKcpbf…||Wed Sep 03 19:33:25 +0000 2014||1||0
507250049643216896||1365874993||RT @DIANA_POZO: Paraderos abarrotados y pasajeros desinformados en el inicio del #CorredorAzul @RPPNoticias http://t.co/Nz1JCpUZEl||Wed Sep 03 19:33:30 +0000 2014||1||0
507250087404523520||194342525||Somos ciudadanos, ya NO somos pasajeros de combi. @SITLima #CorredorAzul https://t.co/1smnUaH7o6||Wed Sep 03 19:33:39 +0000 2014||0||0
507250357026963456||67454180||Congestion en el jr Chota y av. Bolivia, hasta los buses de #CorredorAzul pasan por una calle tan angosta.  #MuniLima http://t.co/MzFCL6xPvi||Wed Sep 03 19:34:44 +0000 2014||0||0
507250436295102464||76168915||RT @canalN_: #Protransporte estima que en 15 días el #CorredorAzul funcione plenamente ► http://t.co/qVXO8Yubz1||Wed Sep 03 19:35:02 +0000 2014||1||0
507250481161580546||394879549||RT @LimaNOpara: "#RauRau y cia. bloquearon la salida de Amancáes, Rímac y ello impidió la salida de los buses por el #corredorazul " - SV @…||Wed Sep 03 19:35:13 +0000 2014||1||0
507250498836389889||57435070||"@DuchoDepe: un bus EURO3, recargando combustible CON BALDES! #CorredorAzul  http://t.co/XYPKRSDy67" @SusanaVillaran @augustoreyh bieeeen!!!||Wed Sep 03 19:35:17 +0000 2014||0||0
507250543400849409||168345011||#CorredorAzul sólo paran cuando se les da la gana, no respetan los paraderos ni a los pasajeros que quieren subir..||Wed Sep 03 19:35:28 +0000 2014||0||0
507250548501127168||211053681||RT @DuchoDepe: NO, no es una combi, no es una cúster, es un bus EURO3, recargando combustible CON BALDES! #CorredorAzul  http://t.co/GKcpbf…||Wed Sep 03 19:35:29 +0000 2014||1||0
507250566398214144||330586762||#CorredorAzul http://t.co/mpltLNFre0||Wed Sep 03 19:35:33 +0000 2014||0||0
507250733969055744||1006691136||RT @DIANA_POZO: Paraderos abarrotados y pasajeros desinformados en el inicio del #CorredorAzul @RPPNoticias http://t.co/Nz1JCpUZEl||Wed Sep 03 19:36:13 +0000 2014||1||0
507250778990739457||2667501056||ATENCIÓN: Ya se reestableció servicio del #CorredorAzul en ambos sentidos de la avenida Garcilaso de la Vega||Wed Sep 03 19:36:24 +0000 2014||0||0
507250792290856960||191278438||RT @Zambitopeloduro: #CorredorAzul No solo hacen falta buenos gobernantes sino también buenos ciudadanos. http://t.co/7ZAwGV6h5X||Wed Sep 03 19:36:27 +0000 2014||1||0
507250832040275968||875954568||#Perú: #HablaPe  #CorredorAzul #yosoyrespetamicomentario http://t.co/ceyH7iJ6zY||Wed Sep 03 19:36:37 +0000 2014||0||0
507250901246312448||2707626471||RT @canalN_: #Protransporte estima que en 15 días el #CorredorAzul funcione plenamente ► http://t.co/qVXO8Yubz1||Wed Sep 03 19:36:53 +0000 2014||1||0
507251152816451584||330586762||#RecuerdaLimeño #CorredorAzul http://t.co/IEmadnEjWJ||Wed Sep 03 19:37:53 +0000 2014||0||0
507251195384430592||16956378||??? "@MARTINZOTE: Siguen llegando buses de Chosica con gente "buena onda" que vienen a "probar" el #CorredorAzul||Wed Sep 03 19:38:03 +0000 2014||1||0
507251198022680576||875954568||#Perú: #HablaPe  #CorredorAzul #yosoyrespetamicomentario http://t.co/ceyH7iJ6zY http://t.co/7SCXyz7LSu||Wed Sep 03 19:38:04 +0000 2014||0||0
507251199889117184||1020991345||#CorredorAzul Hay una alta demanda de los buses por la marcha blanca y como es gratis, la gente evita usar vías alternas. #PiensaLimeño||Wed Sep 03 19:38:04 +0000 2014||0||0
507251311323398145||17728856||RT @SITLima: ATENCIÓN: Ya se reestableció servicio del #CorredorAzul en ambos sentidos de la avenida Garcilaso de la Vega||Wed Sep 03 19:38:31 +0000 2014||1||0
507251337055444992||330586762||#RecuerdaLimeño #CorredorAzul http://t.co/a16ViyDfxE||Wed Sep 03 19:38:37 +0000 2014||0||0
507251584565542912||50553390||RT @gerardolipe: Pasajeros apoyan #CorredorAzul  http://t.co/5s5wVfct4G ANTES SE UBIA COMO SEAAHORA SE HACE SU COLA ESTA MUY BIEN Y CAMINO||Wed Sep 03 19:39:36 +0000 2014||1||0
507251607915233280||194342525||RT @SITLima: ATENCIÓN: Ya se reestableció servicio del #CorredorAzul en ambos sentidos de la avenida Garcilaso de la Vega||Wed Sep 03 19:39:42 +0000 2014||1||0
507251673526718465||904388946||RT @perlaberrios: #CorredorAzul es buena iniciativa. Pero,  ¿recién en campaña y después de 4 años de gestión? Y sin alimentadores ni buses…||Wed Sep 03 19:39:57 +0000 2014||1||0
507251763440009217||875954568||#Perú: #HablaPe  #CorredorAzul #yosoyrespetamicomentario http://t.co/ceyH7iJ6zY http://t.co/61OJJxXzBh||Wed Sep 03 19:40:19 +0000 2014||0||0
507251955774029826||2280769576||#CorredorAzul es una burrada mas de susana||Wed Sep 03 19:41:05 +0000 2014||0||0
507252126486372353||473501319||RT @gerardolipe: Pasajeros apoyan #CorredorAzul  http://t.co/5s5wVfct4G ANTES SE UBIA COMO SEAAHORA SE HACE SU COLA ESTA MUY BIEN Y CAMINO||Wed Sep 03 19:41:45 +0000 2014||1||0
507252165795381248||8217762||RT @SITLima: ATENCIÓN: Estamos desviando los buses del #CorredorAzul por incendio en Av. Wilson en sentido Rímac - Miraflores||Wed Sep 03 19:41:55 +0000 2014||1||0
507252233227231232||26116396||Tu y yo haciendo una colaza en Mistura, indignandonos por la cola del #CorredorAzul . No sé, piénsalo.||Wed Sep 03 19:42:11 +0000 2014||0||0
507252312046190592||158871696||RT @SITLima: ATENCIÓN: Ya se reestableció servicio del #CorredorAzul en ambos sentidos de la avenida Garcilaso de la Vega||Wed Sep 03 19:42:30 +0000 2014||1||0
507252398793195520||2371403984||@SITLima #CorredorAzul si gracias hace un momento pase y habia trafico gracias||Wed Sep 03 19:42:50 +0000 2014||0||0
507252399732707329||175831429||RT @ItGonnaBeOkay: #RecuerdaLimeño #CorredorAzul http://t.co/a16ViyDfxE||Wed Sep 03 19:42:51 +0000 2014||1||0
507252403625025537||33321265||RT @SITLima: #CorredorAzul: recuerda que el servicio expreso 303 Virú - Pardo se detiene en menos paraderos http://t.co/PTlswa4LUD||Wed Sep 03 19:42:51 +0000 2014||1||0
507252469081313283||184444352||@RaquelTineo_ ya sé!! Es porque tomo #CorredorAzul para cargar a tiempo jajaja||Wed Sep 03 19:43:07 +0000 2014||0||0
507252474701287424||832336502||#CorredorAzul  todo esta bien solo falta orden ... y mas carros :p la gente no entiende a un eso y lo k ace susana villaran esta mal k piens||Wed Sep 03 19:43:08 +0000 2014||0||0
507252512450424833||17954331||Facebook necesita usar el #CorredorAzul.||Wed Sep 03 19:43:17 +0000 2014||0||0
507252562673029120||1075132622||RT @canalN_: #Protransporte estima que en 15 días el #CorredorAzul funcione plenamente ► http://t.co/qVXO8Yubz1||Wed Sep 03 19:43:29 +0000 2014||1||0
507252612526534656||38311934||RT @coleoptero: Facebook necesita usar el #CorredorAzul.||Wed Sep 03 19:43:41 +0000 2014||1||0
507252633145720833||173486390||#CorredorAzul somos únicos, pedimos que una Reforma, se aplique y que funcione a la perfección en un santiamén, así no es,debemos aprender.||Wed Sep 03 19:43:46 +0000 2014||0||0
507252676942659584||34400126||Facebook se saturo de sus quejas sobre el #CorredorAzul||Wed Sep 03 19:43:57 +0000 2014||0||0
507252686086238208||2758505890||RT @coleoptero: Facebook necesita usar el #CorredorAzul.||Wed Sep 03 19:43:59 +0000 2014||1||0
507252708274077696||612320460||RT @coleoptero: Facebook necesita usar el #CorredorAzul.||Wed Sep 03 19:44:04 +0000 2014||1||0
507252728230600705||386623682||RT @coleoptero: Facebook necesita usar el #CorredorAzul.||Wed Sep 03 19:44:09 +0000 2014||1||0
507252753027321856||41067198||RT @veodesenfocado: Facebook se saturo de sus quejas sobre el #CorredorAzul||Wed Sep 03 19:44:15 +0000 2014||1||0
507252900717142016||291491997||Facebook está haciendo su cola para usar el #CorredorAzul||Wed Sep 03 19:44:50 +0000 2014||0||0
507252923760648192||566537931||#CorredorAzul es un asco.....eliminenlo....||Wed Sep 03 19:44:55 +0000 2014||0||0
507252927904612352||388452040||Se cayó el Facebook! Haga algo Señora Villarán!!!! #CorredorAzul||Wed Sep 03 19:44:56 +0000 2014||0||0
507252966198636544||2644983042||TT PERÚ 14:45. 1.#estoeschape. 2.#FrasesDeCandy. 3.#CorredorAzul. 4.#yosoyrespetamicomentario. 5.#SituaciónSentimental. 6.Lima. 7.Susana. 8.Perú||Wed Sep 03 19:45:06 +0000 2014||0||0
507253019772465152||630793810||RT @SITLima: ATENCIÓN: Ya se reestableció servicio del #CorredorAzul en ambos sentidos de la avenida Garcilaso de la Vega||Wed Sep 03 19:45:18 +0000 2014||1||0
507253102333161473||189753117||RT @Lucho_Mora: Yo quiero un corredor negro porque soy darks RT @walterchullo: Increíblemente existe gente en contra de #CorredorAzul que l…||Wed Sep 03 19:45:38 +0000 2014||1||0
507253115385831425||22459214||RT @coleoptero: Facebook necesita usar el #CorredorAzul.||Wed Sep 03 19:45:41 +0000 2014||1||0
507253175603429376||150060516||#CorredorAzul buena iniciativa de susana solo hace falta acostumbrarse al cambio a futuro||Wed Sep 03 19:45:56 +0000 2014||0||0
507253270344372224||54448492||Debido a los problemas generados por el #CorredorAzul ha ocurrido esto. http://t.co/tSBJF1ORzY||Wed Sep 03 19:46:18 +0000 2014||0||0
507253345116229632||2502255151||RT @SITLima: ATENCIÓN: Ya se reestableció servicio del #CorredorAzul en ambos sentidos de la avenida Garcilaso de la Vega||Wed Sep 03 19:46:36 +0000 2014||1||0
507253405585539072||229191457||Mi primer día en el #CorredorAzul... ¿Q Pasa? personas renegando xq el bus pasa de largo ¿Y si leen los folletos? Paradero 303 Rumbo a Cuba||Wed Sep 03 19:46:50 +0000 2014||0||0
507253433221775360||8217762||RT @xaxo6v: RT @SITLima: ATENCIÓN: Ya se reestableció servicio del #CorredorAzul en ambos sentidos de la avenida Garcilaso de la Vega||Wed Sep 03 19:46:57 +0000 2014||1||0
507253455908790272||232448068||RT @Josvach: Hoy si q mejoró el #CorredorAzul fuimos sentados y con el bus vacío cc @SITLima @augustoreyh @GGG_pe @rmapalacios http://t.co/…||Wed Sep 03 19:47:03 +0000 2014||1||0
507253493535875072||387846180||RT @cynmoto: 125 buses no están reemplazando 4000 custers de tirón, por eso aún hay desvíos de rutas #CorredorAzul||Wed Sep 03 19:47:11 +0000 2014||1||0
507253621713805312||113627792||RT @SITLima: ATENCIÓN: Ya se reestableció servicio del #CorredorAzul en ambos sentidos de la avenida Garcilaso de la Vega||Wed Sep 03 19:47:42 +0000 2014||1||0
507253623227944961||194342525||RT @MuniLima: . @GGG_pe: el lunes operaremos con 150 buses y fiscalizaremos taxis colectivos para mejorar operación del #CorredorAzul||Wed Sep 03 19:47:42 +0000 2014||1||0
507253633814368256||387846180||RT @Rociop: verdades del #corredorazul http://t.co/gccyFpXuSC||Wed Sep 03 19:47:45 +0000 2014||1||0
507253662679568384||175831429||RT @silvanaboggio: Por favor más tolerancia. Toda reforma tiene repercusiones. Si queremos un cambio tenemos que pasar por estas situacione…||Wed Sep 03 19:47:52 +0000 2014||1||0
507253688357117952||321403111||RT @marcelo_cruz_al: Pueden en la @MuniLima dejar de decir que el #CorredorAzul es gratis? Lo pagan con nuestros impuestos y costará 12 mil…||Wed Sep 03 19:47:58 +0000 2014||1||0
507253763611320320||829300248||RT @piacostar: Tercer día de #corredorazul (para mí el segundo) bus está más lleno que ayer, pero hay sitio (salí tarde :P) http://t.co/Kf4…||Wed Sep 03 19:48:16 +0000 2014||1||0
507253767784656896||32960127||RT @Zambitopeloduro: #CorredorAzul No solo hacen falta buenos gobernantes sino también buenos ciudadanos. http://t.co/7ZAwGV6h5X||Wed Sep 03 19:48:17 +0000 2014||1||0
507253824072212480||829300248||RT @sociedad_ECpe: .@SusanaVillaran sobre #corredorazul: “Es un sacrificio que hacer” http://t.co/ByHVc6nnyl http://t.co/RL4BlTJxXZ||Wed Sep 03 19:48:30 +0000 2014||1||0
507253868083044352||829300248||RT @Josvach: Hoy si q mejoró el #CorredorAzul fuimos sentados y con el bus vacío cc @SITLima @augustoreyh @GGG_pe @rmapalacios http://t.co/…||Wed Sep 03 19:48:41 +0000 2014||1||0
507253886412132353||43786912||Lo que ha hecho Villarán con el #CorredorAzul es populismo, sí, pero no le digas a tu portátil que vaya a protestar porque caes en lo mismo.||Wed Sep 03 19:48:45 +0000 2014||0||0
507253894125453313||100597296||RT @coleoptero: Facebook necesita usar el #CorredorAzul.||Wed Sep 03 19:48:47 +0000 2014||1||0
507253982017126400||138623915||es un abuso q obliguen a hacer trasbordo o solo es para los q viven entre av. tacna y av. arequipa #CorredorAzul||Wed Sep 03 19:49:08 +0000 2014||0||0
507253985024442370||50850063||HINCENDIO EN EL SENTRO DE LIMA ES KULPA DEL #CORREDORAZUL. FUERA BILLARAN BAGA, OSIOSA!!||Wed Sep 03 19:49:09 +0000 2014||0||0
507254039021895680||1496858947||Facebook está más desconectado que las vías del #CorredorAzul||Wed Sep 03 19:49:21 +0000 2014||0||0
507254043333640193||829300248||RT @gerardolipe: "En LA COUSTER ibamos comodos, estos BUSES siempre van llenos"  " foto #CorredorAzul #ReformaTransporte http://t.co/gl8s4o…||Wed Sep 03 19:49:22 +0000 2014||1||0
507254060458983424||330974371||Facebook debe tener el mismo sistema de funcionamiento que el #CorredorAzul||Wed Sep 03 19:49:27 +0000 2014||0||0
507254114422882304||829300248||RT @terrape: .@SusanaVillaran pide paciencia a usuarios del #CorredorAzul http://t.co/pXFAUqAerA http://t.co/O3c0okHHTU||Wed Sep 03 19:49:39 +0000 2014||1||0
507254123751047168||175831429||RT @walterchullo: Increíblemente existe gente en contra de #CorredorAzul que les pasa ? #auxilio||Wed Sep 03 19:49:42 +0000 2014||1||0
507254153971007488||22200291||Me informan que van a culpar la falta de buses del #CorredorAzul x la caida de fb, mucha gente en la cola usando su smartphone para quejarse||Wed Sep 03 19:49:49 +0000 2014||0||0
507254162187640832||175831429||RT @fortunafort: He visto Expresos que andan vacíos cuando hay largas colas para resto buses en #CorredorAzul. Argumentan que los dejan a 2…||Wed Sep 03 19:49:51 +0000 2014||1||0
507254170899206144||2743107847||RT @ojoizquierdismo: Villarán es full obra inconclusa, #CorredorAzul es sólo un ejemplo http://t.co/QX94jfpHLO JAJAJAJA QUE BUENA PTM!||Wed Sep 03 19:49:53 +0000 2014||1||0
507254173034110976||173486390||#CorredorAzul cuando todos apoyemos las reformas de algo, para mejorar,habremos cambiado bastante,y esta aceptación no tiene  color ni bande||Wed Sep 03 19:49:53 +0000 2014||0||0
507254202843021312||242370466||RT @ranitachina: Me informan que van a culpar la falta de buses del #CorredorAzul x la caida de fb, mucha gente en la cola usando su smartp…||Wed Sep 03 19:50:00 +0000 2014||1||0
507254238331043840||41533662||RT @HegoArrunategui: #CorredorAzul somos únicos, pedimos que una Reforma, se aplique y que funcione a la perfección en un santiamén, así no…||Wed Sep 03 19:50:09 +0000 2014||1||0
507254256186183680||2788475526||#CorredorAzul un dolor de cabeza para los pobres y una gran alegría para los la gente nice :)||Wed Sep 03 19:50:13 +0000 2014||0||0
507254270023204864||1511789964||RT @ojoizquierdismo: Lo peor del #CorredorAzul es el tufillo clasista de sus defensores, diciendo que si no funciona es porque no somos edu…||Wed Sep 03 19:50:16 +0000 2014||1||0
507254272824967168||829300248||RT @mikytorres: Por supuesto la idea principal de la marcha pro Castañeda es ir por la ruta del #corredorazul y bloquearlo http://t.co/Sb1c…||Wed Sep 03 19:50:17 +0000 2014||1||0
507254274754351105||597693054||RT @Zambitopeloduro: #CorredorAzul No solo hacen falta buenos gobernantes sino también buenos ciudadanos. http://t.co/7ZAwGV6h5X||Wed Sep 03 19:50:18 +0000 2014||1||0
507254278474711041||25603249||RT @ranitachina: Me informan que van a culpar la falta de buses del #CorredorAzul x la caida de fb, mucha gente en la cola usando su smartp…||Wed Sep 03 19:50:19 +0000 2014||1||0
507254313216139264||387846180||RT @mikytorres: Por supuesto la idea principal de la marcha pro Castañeda es ir por la ruta del #corredorazul y bloquearlo http://t.co/Sb1c…||Wed Sep 03 19:50:27 +0000 2014||1||0
507254420682592256||1005533347||Gracias al #CorredorAzul , decubrí que mis pies tienen utilidad y pues ahora camino||Wed Sep 03 19:50:52 +0000 2014||0||0
507254443906465792||17938516||RT @cesarponcec: "@augustoreyh: están llegando buses desde Chosica y SJL (distri c/ alcaldes SN) c/ gente a "usar" c/ "espíritucrítico" el …||Wed Sep 03 19:50:58 +0000 2014||1||0
507254456954929152||829300248||RT @gerardolipe: Pasajeros apoyan #CorredorAzul  http://t.co/5s5wVfct4G ANTES SE UBIA COMO SEAAHORA SE HACE SU COLA ESTA MUY BIEN Y CAMINO||Wed Sep 03 19:51:01 +0000 2014||1||0
507254584373673985||2788475526||Bendita seas susana villaran por el #CorredorAzul , POCO A POCO DESAPARECEN LAS COMBIS||Wed Sep 03 19:51:31 +0000 2014||0||0
507254589461393408||1583334812||-Señora es verdad que a usted que la han traido con engaños a la marcha de Castañeda?. -Cual marcha? Esta es la cola para el #CorredorAzul||Wed Sep 03 19:51:33 +0000 2014||0||0
507254598906970112||109312725||RT @jmarin7: Facebook debe tener el mismo sistema de funcionamiento que el #CorredorAzul||Wed Sep 03 19:51:35 +0000 2014||1||0
507254639713325056||387846180||RT @salva421: #corredorazul esta afectando los bolsillos de muchas personas, ya no hay  S/.0.50 por pocas cuadras, ni viaje con un solo pas…||Wed Sep 03 19:51:45 +0000 2014||1||0
507254666263277568||387846180||RT @velisdiego: Me encanta el drama que hacen los NO usuarios del #corredorazul||Wed Sep 03 19:51:51 +0000 2014||1||0
507254752493985792||358017642||RT @jmarin7: Facebook debe tener el mismo sistema de funcionamiento que el #CorredorAzul||Wed Sep 03 19:52:12 +0000 2014||1||0
507254764506480640||70054268||RT @jmarin7: Facebook debe tener el mismo sistema de funcionamiento que el #CorredorAzul||Wed Sep 03 19:52:14 +0000 2014||1||0
507254790011621376||337032958||Increíblemente existe gente en contra de #CorredorAzul pero que les pasa??, quieren seguir con el caos de las combis||Wed Sep 03 19:52:20 +0000 2014||0||0
507254810425696256||2513463434||Andan comparando a #facebook con el #CorredorAzul ( mal funcionamiento) lo único que tienen igual es el color azul #vamosperuanopaciencia||Wed Sep 03 19:52:25 +0000 2014||0||0
507254815693746177||387846180||RT @krt7197: Que demora más? Una mujer al maquillarse o el #CorredorAzul?||Wed Sep 03 19:52:27 +0000 2014||1||0
507254964662841346||128223093||RT @miguelpriale: No más informalidad en el transporte público: Colectivos q entren a #CorredorAzul serán llevados a depósito http://t.co/m…||Wed Sep 03 19:53:02 +0000 2014||1||0
507255039090388992||469602944||Video1 Aficionado: #Uchumayo protestan contra mina #CerroVerde y #Lima no informa[#estoeschape #CorredorAzul #Susana https://t.co/wEwZLdQv6N||Wed Sep 03 19:53:20 +0000 2014||0||0
507255043649966081||95103405||¿Se cayó Facebook? Culpa de Susana. Villarán... también. #CorredorAzul||Wed Sep 03 19:53:21 +0000 2014||0||0
507255238764818432||229983249||#corredorazul tenia que ser de ese color para ser cagon.. y hacer colon... gracias villaran ahora me descontaran por llegar tarde al trabajo||Wed Sep 03 19:54:07 +0000 2014||0||0
507255239993749504||908768426||RT @jmarin7: Facebook debe tener el mismo sistema de funcionamiento que el #CorredorAzul||Wed Sep 03 19:54:08 +0000 2014||1||0
507255364551987200||44923359||RT @evriwer: .@Jimmychinchay @karembq Sugiero una parada de buses como esta.. #CorredorAzul http://t.co/RrghQCGs8V||Wed Sep 03 19:54:37 +0000 2014||1||0
507255396785225728||48585111||El tránsito está sufriendo a causa del #CorredorAzul 🔫🐱||Wed Sep 03 19:54:45 +0000 2014||0||0
507255505900015616||333834224||#CorredorAzul es un completo fraude... un desastre...!! espero que el transporte mejore con el nuevo alcalde q entre... !!||Wed Sep 03 19:55:11 +0000 2014||0||0
507255618101858304||118831647||RT @ranitachina: Me informan que van a culpar la falta de buses del #CorredorAzul x la caida de fb, mucha gente en la cola usando su smartp…||Wed Sep 03 19:55:38 +0000 2014||1||0
507255627220254721||2234155108||RT @evriwer: .@Jimmychinchay @karembq Sugiero una parada de buses como esta.. #CorredorAzul http://t.co/RrghQCGs8V||Wed Sep 03 19:55:40 +0000 2014||1||0
507255628201734144||408908064||RT @cesarponcec: "@augustoreyh: están llegando buses desde Chosica y SJL (distri c/ alcaldes SN) c/ gente a "usar" c/ "espíritucrítico" el …||Wed Sep 03 19:55:40 +0000 2014||1||0
507255629824946176||2667501056||Gracias @dianavbf, lo tomaremos en cuenta para evitar molestias a los usuarios del #CorredorAzul||Wed Sep 03 19:55:41 +0000 2014||0||0
507255651484303360||435554001||RT @victorrobles: ¿Tacha a Castañeda: ensayo para imponer reelección conyugal? #CorredorAzul||Wed Sep 03 19:55:46 +0000 2014||1||0
507255659058831361||469602944||Video2 Aficionado #Uchumayo protestan contr #CerroVerde y #lima NO informa #estoeschape #FrasesDeCandy #CorredorAzul https://t.co/EXasFNNroN||Wed Sep 03 19:55:48 +0000 2014||0||0
507255679632302080||435554001||RT @victorrobles: ¿Por que vocero de Susana Villarán respalda de inmediato tacha a Castañeda? #CorredorAzul||Wed Sep 03 19:55:53 +0000 2014||1||0
507255696615026688||435554001||RT @victorrobles: ¿Quien mueve los hilos tras la tacha a Castañeda, el autoritarismo humalista? #CorredorAzul||Wed Sep 03 19:55:57 +0000 2014||1||0
507255712838615040||435554001||RT @victorrobles: Hoy Castañeda, ¿Y el 2016, Keiko y Alan, para imponer la reelección conyugal? #CorredorAzul||Wed Sep 03 19:56:01 +0000 2014||1||0
507255723903188992||285829829||RT @TheMaxxProject: Los noticieros cubren el tercer día del #CorredorAzul como si fuera el tercer día de ocupación nazi.||Wed Sep 03 19:56:03 +0000 2014||1||0
507255733050937344||435554001||RT @victorrobles: Bien el Apra: Velásquez Quesquén rechaza tacha a Castañeda ¿Y el fujimorismo democrático de Keiko? #CorredorAzul||Wed Sep 03 19:56:05 +0000 2014||1||0
507255749580713985||41533662||RT @isakatty: Gracias al #CorredorAzul , decubrí que mis pies tienen utilidad y pues ahora camino||Wed Sep 03 19:56:09 +0000 2014||1||0
507255750524424192||435554001||RT @victorrobles: En democracia no existen vetos: Tacha a Castañeda es un veto totalitario #CorredorAzul||Wed Sep 03 19:56:09 +0000 2014||1||0
507255772674555904||435554001||RT @victorrobles: No se trata de defender a Castañeda, se trata de defender la democracia #CorredorAzul||Wed Sep 03 19:56:15 +0000 2014||1||0
507255774616514561||229191457||Mi primer día en el #CorredorAzul... ¿Q Pasa? personas renegando xq el bus pasa de largo ¿Y si leen los folletos?... http://t.co/lYx6I2j6Pi||Wed Sep 03 19:56:15 +0000 2014||0||0
507255785215512576||435554001||RT @victorrobles: No se trata de oponerse a una tacha, se trata de detener la reelección conyugal #CorredorAzul||Wed Sep 03 19:56:18 +0000 2014||1||0
507255803896946688||435554001||RT @victorrobles: Tacha no es un asunto exclusivo de Solidaridad Nacional, es un reto para los demócratas #CorredorAzul||Wed Sep 03 19:56:22 +0000 2014||1||0
507255814466596865||343181677||@HegoArrunategui @EdgarSotelo No hay mejora real #CorredorAzul sin alimentadoras, costo doble a usuario, sin conexion a Tren y Metropolitano||Wed Sep 03 19:56:25 +0000 2014||0||0
507255841196892160||95710711||RT @jmarin7: Facebook debe tener el mismo sistema de funcionamiento que el #CorredorAzul||Wed Sep 03 19:56:31 +0000 2014||1||0
507255876223533056||18841512||Ángel Di María hoy ha sido el verdadero #CorredorAzul http://t.co/txGMp8XVpB||Wed Sep 03 19:56:39 +0000 2014||0||0
507255909312372736||281231619||RT @jmarin7: Facebook debe tener el mismo sistema de funcionamiento que el #CorredorAzul||Wed Sep 03 19:56:47 +0000 2014||1||0
507255974827413504||78184512||La puesta en marcha del #CorredorAzul ocasionó la caída de #Facebook #todoencaja||Wed Sep 03 19:57:03 +0000 2014||0||0
507256032612323329||156831271||RT @hanan7h7: Ask any thing about islam http://t.co/ewcQCMGgQX  and chat with us. . #Singapore #teacherscollege #estoeschape #frasesdecandy  …||Wed Sep 03 19:57:17 +0000 2014||1||0
507256033220521985||1622183250||RT @jovennostalgico: Ángel Di María hoy ha sido el verdadero #CorredorAzul http://t.co/txGMp8XVpB||Wed Sep 03 19:57:17 +0000 2014||1||0
507256106079768576||870507810||#CorredorAzul  creo que no esta funcionando ni gratis subo||Wed Sep 03 19:57:34 +0000 2014||0||0
507256164456099840||206487935||RT @evriwer: .@Jimmychinchay @karembq Sugiero una parada de buses como esta.. #CorredorAzul http://t.co/RrghQCGs8V||Wed Sep 03 19:57:48 +0000 2014||1||0
507256227534233600||2584502414||@elcomercio  faccebok se puso volvio #CorredorAzul haha.||Wed Sep 03 19:58:03 +0000 2014||0||0
507256263743643648||1689955507||RT @luchozuta: Fiscalizadores municipales evitan ingreso de unidades no autorizadas en #CorredorAzul http://t.co/053tPzqta3||Wed Sep 03 19:58:12 +0000 2014||1||0
507256319712456706||380601032||Mi solidaridad con los ladyvaguistas. La caída de Facebook no les permitirá alabar el #CorredorAzul desde el Starbucks de Conquistadores.||Wed Sep 03 19:58:25 +0000 2014||0||0
507256362863427584||70770612||RT @evriwer: .@Jimmychinchay @karembq Sugiero una parada de buses como esta.. #CorredorAzul http://t.co/RrghQCGs8V||Wed Sep 03 19:58:35 +0000 2014||1||0
507256412838580224||408908064||RT @Migueltine: Gracias #CorredorAzul, me haces la vida más fácil! Lo mejor que le ha pasado a Lima!||Wed Sep 03 19:58:47 +0000 2014||1||0
507256541796651010||233718942||RT @HegoArrunategui: #CorredorAzul somos únicos, pedimos que una Reforma, se aplique y que funcione a la perfección en un santiamén, así no…||Wed Sep 03 19:59:18 +0000 2014||1||0
507256541570162688||408908064||RT @RicardoMarapi: El nuevo hobby de los medios: buscar exclusivamente las quejas sobre el #CorredorAzul, obviar lo positivo y no analizar …||Wed Sep 03 19:59:18 +0000 2014||1||0
507256567109263360||229191457||@PattyYCataleya En la cola nos entregan Folletos y no se toman la molestia de leerlos, mucho menos leer el panel q dice 303 #CorredorAzul Gr||Wed Sep 03 19:59:24 +0000 2014||0||0
507256590962266112||61911385||RT @silvanaboggio: Por favor más tolerancia. Toda reforma tiene repercusiones. Si queremos un cambio tenemos que pasar por estas situacione…||Wed Sep 03 19:59:30 +0000 2014||1||0
507256616446865408||408908064||RT @renzgarcia: "@AnahiDurandG a las 9am ningun taxista qeria llevarme de Lince al centro asi q chape #CorredorAzul...llegue en 20 min" cc …||Wed Sep 03 19:59:36 +0000 2014||1||0
507256617990385665||378756003||RT @evriwer: .@Jimmychinchay @karembq Sugiero una parada de buses como esta.. #CorredorAzul http://t.co/RrghQCGs8V||Wed Sep 03 19:59:36 +0000 2014||1||0
507256656317906944||113111721||RT @HegoArrunategui: #CorredorAzul somos únicos, pedimos que una Reforma, se aplique y que funcione a la perfección en un santiamén, así no…||Wed Sep 03 19:59:45 +0000 2014||1||0
507256713809240065||594108267||#CorredorAzul no sabe no opina!||Wed Sep 03 19:59:59 +0000 2014||0||0
507256729126858753||235071687||El vuelo del dron de RPP Noticias en el tercer día del Corredor Azul http://t.co/5qRABfNNRq #peru #dronderpp #corredorazul #lima #lima #lima||Wed Sep 03 20:00:03 +0000 2014||0||0
507256823616122882||113111721||RT @ktrina_22: Lamentablemente,desacostumbrarnos al estilo primitivo que llevamos en el transporte no va ser nada fácil #CorredorAzul||Wed Sep 03 20:00:25 +0000 2014||1||0
507256836144529408||56045433||RT @LuuIngrid: #CorredorAzul @RPPNoticias Bus PINTADO en la Av. San Juan - SJM #MunicipalidadDeLima #SusanaVillaran http://t.co/1nU3fyCwRN||Wed Sep 03 20:00:28 +0000 2014||1||0
507256869615050752||364246843||RT @MunLimaSegura: #Atenciónvecino en unos minutos se normalizará el tránsito en la Av. Wilson para dar paso al #CorredorAzul.||Wed Sep 03 20:00:36 +0000 2014||1||0
507256872794333184||199457207||RT @uterodemarquito: Mi solidaridad con los ladyvaguistas. La caída de Facebook no les permitirá alabar el #CorredorAzul desde el Starbucks…||Wed Sep 03 20:00:37 +0000 2014||1||0
507256907334418433||113111721||RT @silvanaboggio: Por favor más tolerancia. Toda reforma tiene repercusiones. Si queremos un cambio tenemos que pasar por estas situacione…||Wed Sep 03 20:00:45 +0000 2014||1||0
507256949470420992||435554001||RT @elmontonero_pe: Tacha a Castañeda burla voluntad de voto de 4 millones  Cuidado http://t.co/G9rxvIv10P #CorredorAzul||Wed Sep 03 20:00:55 +0000 2014||1||0
507257040851722242||298199190||Cerraron momentáneamente #Facebook para ampliar el #CorredorAzul  ...||Wed Sep 03 20:01:17 +0000 2014||0||0
507257070987780098||2468693400||RT @victorrobles: No se trata de defender a Castañeda, se trata de defender la democracia #CorredorAzul||Wed Sep 03 20:01:24 +0000 2014||1||0
507257160552960000||2709064979||Se cayo #Facebook ? Culpemos al #CorredorAzul||Wed Sep 03 20:01:46 +0000 2014||0||0
507257257713995776||97114530||RT @jovennostalgico: Ángel Di María hoy ha sido el verdadero #CorredorAzul http://t.co/txGMp8XVpB||Wed Sep 03 20:02:09 +0000 2014||1||0
507257300642721792||79124132||RT @uterodemarquito: Mi solidaridad con los ladyvaguistas. La caída de Facebook no les permitirá alabar el #CorredorAzul desde el Starbucks…||Wed Sep 03 20:02:19 +0000 2014||1||0
507257454816931840||247374600||RT @silvanaboggio: Por favor más tolerancia. Toda reforma tiene repercusiones. Si queremos un cambio tenemos que pasar por estas situacione…||Wed Sep 03 20:02:56 +0000 2014||1||0
507257507900035073||174043159||RT @TuYuntaPe: #Perú: #HablaPe  #CorredorAzul #yosoyrespetamicomentario http://t.co/ceyH7iJ6zY||Wed Sep 03 20:03:08 +0000 2014||1||0
507257522303283200||78184512||Bueno, les comento que hoy caminé como 10 cuadras por la Av. Arenales y me acordé que ya existía el #CorredorAzul . Todo pajita ah !||Wed Sep 03 20:03:12 +0000 2014||0||0
507257549830115328||18841512||Ángel Di María es el verdadero corredor azul #corredorazul http://t.co/TpYSeuG2mn||Wed Sep 03 20:03:18 +0000 2014||0||0
507257573427642368||2727477438||RT @Zambitopeloduro: #CorredorAzul No solo hacen falta buenos gobernantes sino también buenos ciudadanos. http://t.co/7ZAwGV6h5X||Wed Sep 03 20:03:24 +0000 2014||1||0
507257678327201792||50618367||RT @uterodemarquito: Mi solidaridad con los ladyvaguistas. La caída de Facebook no les permitirá alabar el #CorredorAzul desde el Starbucks…||Wed Sep 03 20:03:49 +0000 2014||1||0
507257684488622080||43734865||RT @jovennostalgico: Ángel Di María es el verdadero corredor azul #corredorazul http://t.co/TpYSeuG2mn||Wed Sep 03 20:03:51 +0000 2014||1||0
507257698581479424||22589796||Esperan por largas horas que facebook regrese...no pueden esperar unos minutos para el bus. #CorredorAzul||Wed Sep 03 20:03:54 +0000 2014||0||0
507257741338222592||92303739||RT @uterodemarquito: Mi solidaridad con los ladyvaguistas. La caída de Facebook no les permitirá alabar el #CorredorAzul desde el Starbucks…||Wed Sep 03 20:04:04 +0000 2014||1||0
507257825194565633||1363453567||Hoy me subí al #corredorazul siete personas para dos buses que esperaban avanzar y llevar a los siete pasajeros #win http://t.co/KbI0ssywor||Wed Sep 03 20:04:24 +0000 2014||0||0
507257941746278400||460434648||@elcomercio @newsdelperu #CorredorAzul La izquierda logrando sus frutos, #Lima ya se parece un poco más a #Venezuela.||Wed Sep 03 20:04:52 +0000 2014||0||0
507257992182784000||258958516||RT @jovennostalgico: Ángel Di María es el verdadero corredor azul #corredorazul http://t.co/TpYSeuG2mn||Wed Sep 03 20:05:04 +0000 2014||1||0
507257996871995392||2644983042||TT PERÚ 15:05. 1.#estoeschape. 2.#frasesdecandy. 3.#CorredorAzul. 4.#yosoyrespetamicomentario. 5.#SituaciónSentimental. 6.Lima. 7.Susana||Wed Sep 03 20:05:05 +0000 2014||0||0
507258006896394241||37300294||RT @munilima: Conoce cómo se integrará el #CorredorAzul al sistema masivo de transporte http://t.co/uSOufZsVOz Vía @Agencia_Andina||Wed Sep 03 20:05:07 +0000 2014||1||0
507258007818743808||2654586379||#estoeschape #FrasesDeCandy #CorredorAzul #yosoyrespetamicomentario. Publicación de hoy CLICK. http://t.co/KelsLQ7TNw http://t.co/WFcHS2RN8N||Wed Sep 03 20:05:08 +0000 2014||0||0
507258122394935297||163974487||RT @jovennostalgico: Ángel Di María es el verdadero corredor azul #corredorazul http://t.co/TpYSeuG2mn||Wed Sep 03 20:05:35 +0000 2014||1||0
507258140795338753||351970593||RT @jovennostalgico: Ángel Di María es el verdadero corredor azul #corredorazul http://t.co/TpYSeuG2mn||Wed Sep 03 20:05:39 +0000 2014||1||0
507258220118036480||143172628||@Jimmychinchay se cayo la red de Facebook culpemos al #CorredorAzul, #Nomascombis||Wed Sep 03 20:05:58 +0000 2014||0||0
507258272962068480||1363453567||#corredorazul #win no había desorden y las chicas que guiaban fueron muy amables.||Wed Sep 03 20:06:11 +0000 2014||0||0
507258344500113409||77246453||Esperar el carro en el #CorredorAzul demora tanto que facil podemos tomar desayuno, almorzar , cenar y leer el periodico @SusanaVillaran||Wed Sep 03 20:06:28 +0000 2014||0||0
507258374149644288||295477444||Ahora los transportistas critican la reforma transporte ¿Y ellos cuando  hicieron algo para mejorar su servicio de porquería? #CorredorAzul||Wed Sep 03 20:06:35 +0000 2014||0||0
507258390587113472||307160770||RT @jovennostalgico: Ángel Di María es el verdadero corredor azul #corredorazul http://t.co/TpYSeuG2mn||Wed Sep 03 20:06:39 +0000 2014||1||0
507258408400338945||435554001||RT @elmontonero_pe: 70% de Cajamarca NO vota Santos, pero aun así podría ganar. Fujimorismo tiene la palabra #CorredorAzul http://t.co/NIkZ…||Wed Sep 03 20:06:43 +0000 2014||1||0
507258437122916352||435554001||RT @elmontonero_pe: Cajamarca no merece cuatro años más de recesión, demócratas deben unirse contra reelección de Santos #CorredorAzul http…||Wed Sep 03 20:06:50 +0000 2014||1||0
507258438389612544||415269766||El #CorredorAzul llega a Javier Prado en octubre, dejen de quejarse y vislumbren un futuro sin #Orión y accidentes. Todo sea por el avance.||Wed Sep 03 20:06:50 +0000 2014||0||0
507258449781342210||435554001||RT @elmontonero_pe: Cajamarca al borde del abismo: Santos podria ser reelegido si fujimoristas no se unen #CorredorAzul http://t.co/NIkZodl…||Wed Sep 03 20:06:53 +0000 2014||1||0
507258499601272834||435554001||RT @elmontonero_pe: Reelección de Santos en Cajamarca detendría proyectos por $20,000 mills y habría más pobreza #CorredorAzul http://t.co/…||Wed Sep 03 20:07:05 +0000 2014||1||0
507258516961525760||2667501056||VIDEO: @GGG_pe informó sobre mejoras que se implementarán en el servicio del #CorredorAzul  http://t.co/bXjPdcSPhA||Wed Sep 03 20:07:09 +0000 2014||0||0
507258642438291458||87574082||RT @LimaNOpara: "#RauRau y cia. bloquearon la salida de Amancáes, Rímac y ello impidió la salida de los buses por el #corredorazul " - SV @…||Wed Sep 03 20:07:39 +0000 2014||1||0
507258655839121408||18560899||RT @Jooosseeeph: Ahora los transportistas critican la reforma transporte ¿Y ellos cuando  hicieron algo para mejorar su servicio de porquer…||Wed Sep 03 20:07:42 +0000 2014||1||0
507258777713012737||283747612||RT @SITLima: VIDEO: @GGG_pe informó sobre mejoras que se implementarán en el servicio del #CorredorAzul  http://t.co/bXjPdcSPhA||Wed Sep 03 20:08:11 +0000 2014||1||0
507258871141130240||2468693400||RT @elmontonero_pe: Cajamarca al borde del abismo: Santos podria ser reelegido si fujimoristas no se unen #CorredorAzul http://t.co/NIkZodl…||Wed Sep 03 20:08:33 +0000 2014||1||0
507258890443300865||2468693400||RT @elmontonero_pe: Cajamarca no merece cuatro años más de recesión, demócratas deben unirse contra reelección de Santos #CorredorAzul http…||Wed Sep 03 20:08:38 +0000 2014||1||0
507258896256614400||55055384||#CorredorAzul aumentaron los buses a 130 pero tendria k ser a 1300 para tener un buen servicio... ajjj k malcriados los choferes ajjj||Wed Sep 03 20:08:39 +0000 2014||0||0
507258904808792064||435554001||RT @elmontonero_pe: ¿Permitirá el fujimorismo cuatro años más de autoritarismo y recesión en Cajamarca? #CorredorAzul http://t.co/NIkZodlcoX||Wed Sep 03 20:08:42 +0000 2014||1||0
507258946835738624||2468693400||RT @elmontonero_pe: 70% de Cajamarca NO vota Santos, pero aun así podría ganar. Fujimorismo tiene la palabra #CorredorAzul http://t.co/NIkZ…||Wed Sep 03 20:08:52 +0000 2014||1||0
507258968461549568||263867056||RT @jmarin7: Facebook debe tener el mismo sistema de funcionamiento que el #CorredorAzul||Wed Sep 03 20:08:57 +0000 2014||1||0
507259129149546496||950855526||RT @TheMaxxProject: Los noticieros cubren el tercer día del #CorredorAzul como si fuera el tercer día de ocupación nazi.||Wed Sep 03 20:09:35 +0000 2014||1||0
507259139941478401||87574082||RT @mikytorres: Por supuesto la idea principal de la marcha pro Castañeda es ir por la ruta del #corredorazul y bloquearlo http://t.co/Sb1c…||Wed Sep 03 20:09:38 +0000 2014||1||0
507259177522434049||87574082||RT @exitosanoticias: @SusanaVillaran: "Les pido mil disculpas porque no deben esperar una hora en el paradero. Ahora estamos mucho mejor". #…||Wed Sep 03 20:09:47 +0000 2014||1||0
507259329469485056||87574082||RT @spencerlandia: UFF!!!. . Para que leas antes de quejarte de #CorredorAzul: mira cómo fue inicio de operaciones en otras ciudades. http://t…||Wed Sep 03 20:10:23 +0000 2014||1||0
507259364810711040||87574082||RT @elcomercio: @SusanaVillaran estima que el #corredorazul se estabilizará en 2 semanas http://t.co/gCBylSXERC  http://t.co/A5WQQ7jyvr||Wed Sep 03 20:10:31 +0000 2014||1||0
507259370766213120||1658735353||RT @Zambitopeloduro: #CorredorAzul No solo hacen falta buenos gobernantes sino también buenos ciudadanos. http://t.co/7ZAwGV6h5X||Wed Sep 03 20:10:33 +0000 2014||1||0
507259421324767232||570524659||#ProblemasLimenos los q tienen los adultos mayores con el #CorredorAzul @Patricia_Neyra @memepoliticope @bufalo_asao http://t.co/7fo8vIeV63||Wed Sep 03 20:10:45 +0000 2014||0||0
507259601566597120||249327624||El #CorredorAzul sufre GRAVE desperfecto, se cayó Facebook, por ahora solo depende de Twitter.. cc Periodistas y Artistas “DESINTERESADOS”||Wed Sep 03 20:11:28 +0000 2014||0||0
507259805057445888||284213410||@Renatoacucor es el unico #CorredorAzul :v||Wed Sep 03 20:12:16 +0000 2014||0||0
507259865543495680||84883545||RT @uterodemarquito: Mi solidaridad con los ladyvaguistas. La caída de Facebook no les permitirá alabar el #CorredorAzul desde el Starbucks…||Wed Sep 03 20:12:31 +0000 2014||1||0
507259909332025344||2551031402||RT @SITLima: VIDEO: @GGG_pe informó sobre mejoras que se implementarán en el servicio del #CorredorAzul  http://t.co/bXjPdcSPhA||Wed Sep 03 20:12:41 +0000 2014||1||0
507260192426557441||1468238030||RT @paulrrdiaz: @Renatoacucor es el unico #CorredorAzul :v||Wed Sep 03 20:13:48 +0000 2014||1||0
507260227453210624||25040249||RT @HegoArrunategui: #CorredorAzul somos únicos, pedimos que una Reforma, se aplique y que funcione a la perfección en un santiamén, así no…||Wed Sep 03 20:13:57 +0000 2014||1||0
507260331308371968||25682292||RT @elchepipe: #ProblemasLimenos los q tienen los adultos mayores con el #CorredorAzul @Patricia_Neyra @memepoliticope @bufalo_asao http://…||Wed Sep 03 20:14:22 +0000 2014||1||0
507260383221284865||93527437||#CorredorAzul  una cola terrible, valdrá la pena, pero el tiempo es oro hoy en día...||Wed Sep 03 20:14:34 +0000 2014||0||0
507260387860180992||270432918||RT @YoDesinformo: El #CorredorAzul sufre GRAVE desperfecto, se cayó Facebook, por ahora solo depende de Twitter.. cc Periodistas y Artistas …||Wed Sep 03 20:14:35 +0000 2014||1||0
507260433989115904||249327624||Tuiteros y Feisbuqueros q trabajan para el #CorredorAzul ven en riesgo su platos de lentejas, se cayó Facebook.||Wed Sep 03 20:14:46 +0000 2014||0||0
507260438774837248||280139640||Rutas modificadas http://t.co/ClgUbYcrY5 #CorredorAzul||Wed Sep 03 20:14:47 +0000 2014||0||0
507260645981818880||2735512894||RT @elchepipe: #ProblemasLimenos los q tienen los adultos mayores con el #CorredorAzul @Patricia_Neyra @memepoliticope @bufalo_asao http://…||Wed Sep 03 20:15:37 +0000 2014||1||0
507260650822070272||270432918||RT @YoDesinformo: Tuiteros y Feisbuqueros q trabajan para el #CorredorAzul ven en riesgo su platos de lentejas, se cayó Facebook.||Wed Sep 03 20:15:38 +0000 2014||1||0
507260855806078976||106823288||RT @miguelm1504: Y los que no lo han usado RT @ecarloscaja "Que ordenado está todo con el #CorredorAzul"— Todo el que tiene auto propio.||Wed Sep 03 20:16:27 +0000 2014||1||0
507260930854772736||270432918||@YoDesinformo @MrJasonDay @RobertoYsla Tuiteros y Feisbuqueros q trabajan para el #CorredorAzul ven en riesgo su platos de lentejas, FB down||Wed Sep 03 20:16:45 +0000 2014||0||0
507261316667801600||594108267||#SituacionSentimental más confuso que el #CorredorAzul :@||Wed Sep 03 20:18:17 +0000 2014||0||0
507261320043851776||283747612||Se incrementan buses... Presidente de Protransporte @GGG_pe anunció medidas para mejorar #CorredorAzul: http://t.co/mqYEZNHKuy||Wed Sep 03 20:18:17 +0000 2014||0||0
507261431377825792||41396371||RT @mikytorres: Por supuesto la idea principal de la marcha pro Castañeda es ir por la ruta del #corredorazul y bloquearlo http://t.co/Sb1c…||Wed Sep 03 20:18:44 +0000 2014||1||0
507262322633482240||469602944||Otro VIDEO #Arequipa #Uchumayo protestan contra Mina #CerroVerde y #Lima no informa[#Peru #CorredorAzul Javier Prado https://t.co/sZTv2eTBDB||Wed Sep 03 20:22:16 +0000 2014||0||0
507262516641431552||1516883257||¿Alguien ha podido leer en el #CorredorAzul ?||Wed Sep 03 20:23:03 +0000 2014||0||0
507262527475302400||47444655||RT @Al_Ramind: Se quejaban de los cobradores por dejar subir gente con el bus repleto, ahora pelean por subirse al #CorredorAzul lleno #Pro…||Wed Sep 03 20:23:05 +0000 2014||1||0
507262795478736896||8317112||A esta hora los buses del #CorredorAzul pasan vacíos y tranquilos, con orden. Los usuarios serenos hacen  su cola||Wed Sep 03 20:24:09 +0000 2014||0||0
507262852244463616||322284615||Cerca a @Iberotec, los adultos mayores que viajaban con "china" del Seguro a Javier Prado, van ahora por Arenales.#CorredorAzul||Wed Sep 03 20:24:23 +0000 2014||0||0
507263030988931072||2644983042||TT PERÚ 15:25. 1.#estoeschape. 2.#frasesdecandy. 3.#CorredorAzul. 4.#yosoyrespetamicomentario. 5.#SituaciónSentimental. 6.Lima. 7.Susana||Wed Sep 03 20:25:05 +0000 2014||0||0
507263154855100416||2252820505||RT @pacobardales: A esta hora los buses del #CorredorAzul pasan vacíos y tranquilos, con orden. Los usuarios serenos hacen  su cola||Wed Sep 03 20:25:35 +0000 2014||1||0
507263210840674304||40933920||Flota aumentará a 150 buses desde el próximo lunes en #CorredorAzul http://t.co/SPHRNukdt9 http://t.co/uzuge1Gj5Y||Wed Sep 03 20:25:48 +0000 2014||0||0
507263267237298176||1516883257||Si viajas en el #CorredorAzul lleva un libro.||Wed Sep 03 20:26:02 +0000 2014||0||0
507263276011782144||2164318897||RT @pacobardales: A esta hora los buses del #CorredorAzul pasan vacíos y tranquilos, con orden. Los usuarios serenos hacen  su cola||Wed Sep 03 20:26:04 +0000 2014||1||0
507263282865254400||96155390||RT @Agencia_Andina: Flota aumentará a 150 buses desde el próximo lunes en #CorredorAzul http://t.co/SPHRNukdt9 http://t.co/uzuge1Gj5Y||Wed Sep 03 20:26:05 +0000 2014||1||0
507263363341373441||41431080||RT @pacobardales: A esta hora los buses del #CorredorAzul pasan vacíos y tranquilos, con orden. Los usuarios serenos hacen  su cola||Wed Sep 03 20:26:24 +0000 2014||1||0
507263371549630464||309076914||RT @Agencia_Andina: Flota aumentará a 150 buses desde el próximo lunes en #CorredorAzul http://t.co/SPHRNukdt9 http://t.co/uzuge1Gj5Y||Wed Sep 03 20:26:26 +0000 2014||1||0
507263528211083265||269620583||RT @Jimmyenlanada: Una tia dice "he gastado 3 soles en pasaje, antes gastaba 1 sol". Cínica, ahora no se paga nada. #Sembrada #CorredorAzul||Wed Sep 03 20:27:04 +0000 2014||1||0
507263578941194240||48576339||“Tengo que caminar“ se queja una horrible por el #CorredorAzul. Agarra tu escoba y vuela pues, bruja.||Wed Sep 03 20:27:16 +0000 2014||0||0
507263724785528832||242370466||RT @pacobardales: A esta hora los buses del #CorredorAzul pasan vacíos y tranquilos, con orden. Los usuarios serenos hacen  su cola||Wed Sep 03 20:27:51 +0000 2014||1||0
507263789780439040||269620583||RT @Jimmyenlanada: “Tengo que caminar“ se queja una horrible por el #CorredorAzul. Agarra tu escoba y vuela pues, bruja.||Wed Sep 03 20:28:06 +0000 2014||1||0
507263805337112576||289099928||Vergonzante #CorredorAzul RT@Jaicec @uterope sube post con video armado a favor de #ReformaDelTransporte y lo borra http://t.co/ImLxt3nLx8||Wed Sep 03 20:28:10 +0000 2014||1||0
507263885012131842||1516883257||@pacobardales Si viajas en el #corredorazul lleva un libro. http://t.co/LWnZp8OJPS||Wed Sep 03 20:28:29 +0000 2014||0||0
507264020492320769||85636154||RT @ojoizquierdismo: Vergonzante #CorredorAzul RT@Jaicec @uterope sube post con video armado a favor de #ReformaDelTransporte y lo borra ht…||Wed Sep 03 20:29:01 +0000 2014||1||0
507264022916636672||58714177||RT @Jimmyenlanada: “Tengo que caminar“ se queja una horrible por el #CorredorAzul. Agarra tu escoba y vuela pues, bruja.||Wed Sep 03 20:29:02 +0000 2014||1||0
507264125907771394||57969832||Tranquilo en #CorredorAzul en la Arequipa. Buses semi vacíos y tránsito súper fluido. Parecen los 80.||Wed Sep 03 20:29:26 +0000 2014||0||0
507264207080132608||853387644||RT @ojoizquierdismo: Vergonzante #CorredorAzul RT@Jaicec @uterope sube post con video armado a favor de #ReformaDelTransporte y lo borra ht…||Wed Sep 03 20:29:46 +0000 2014||1||0
507264247664246784||269620583||RT @paolamiglio: Tranquilo en #CorredorAzul en la Arequipa. Buses semi vacíos y tránsito súper fluido. Parecen los 80.||Wed Sep 03 20:29:55 +0000 2014||1||0
507264270611275777||108527507||RT @pacobardales: A esta hora los buses del #CorredorAzul pasan vacíos y tranquilos, con orden. Los usuarios serenos hacen  su cola||Wed Sep 03 20:30:01 +0000 2014||1||0
507264505462927360||2742296988||RT @ojoizquierdismo: #CorredorAzul Enrique Cornejo lo hace mejor #BigoteAlcalde http://t.co/A2RK0kfTE6||Wed Sep 03 20:30:57 +0000 2014||1||0
507264505349701633||2742196080||RT @ojoizquierdismo: #CorredorAzul Enrique Cornejo lo hace mejor #BigoteAlcalde http://t.co/A2RK0kfTE6||Wed Sep 03 20:30:57 +0000 2014||1||0
507264505748140032||2742305016||RT @ojoizquierdismo: #CorredorAzul Enrique Cornejo lo hace mejor #BigoteAlcalde http://t.co/A2RK0kfTE6||Wed Sep 03 20:30:57 +0000 2014||1||0
507264505920114688||2742966488||RT @ojoizquierdismo: #CorredorAzul Enrique Cornejo lo hace mejor #BigoteAlcalde http://t.co/A2RK0kfTE6||Wed Sep 03 20:30:57 +0000 2014||1||0
507264506079490048||2743038787||RT @ojoizquierdismo: #CorredorAzul Enrique Cornejo lo hace mejor #BigoteAlcalde http://t.co/A2RK0kfTE6||Wed Sep 03 20:30:57 +0000 2014||1||0
507264642939637760||1710389984||#CorredorAzul #ReformaDelTransporte http://t.co/mFGsNTL3jk||Wed Sep 03 20:31:30 +0000 2014||0||0
507264687206334464||150779762||RT @elchepipe: #ProblemasLimenos los q tienen los adultos mayores con el #CorredorAzul @Patricia_Neyra @memepoliticope @bufalo_asao http://…||Wed Sep 03 20:31:40 +0000 2014||1||0
507264703467630593||2468013414||A esta hora el #CorredorAzul esta vacio , pero parate en amancaes a las  7 de la mañana.||Wed Sep 03 20:31:44 +0000 2014||0||0
507264855628185600||380632461||Presidente de Protransporte anunció medidas para mejorar #CorredorAzul: http://t.co/DuGzeku2z4 vía @YouTube||Wed Sep 03 20:32:20 +0000 2014||0||0
507264885848539137||809153510||¿Alguien que haya podido leer en #CorredorAzul ?||Wed Sep 03 20:32:27 +0000 2014||0||0
507264898200780800||43643641||RT @elhigadodmarita: "Estoy EMOCIONADO con colas q se forman en los paraderos" #CorredorAzul Javier Sota presidente de EMAPE.  . PM! para co…||Wed Sep 03 20:32:30 +0000 2014||1||0
507265044745572352||1172913468||RT @MuniLima: . @GGG_pe: le decimos a los taxis colectivos que ingresen al #CorredorAzul que serán llevados al depósito||Wed Sep 03 20:33:05 +0000 2014||1||0
507265149003386880||8317112||RT @Yoleoencombis: @pacobardales Si viajas en el #corredorazul lleva un libro. http://t.co/LWnZp8OJPS||Wed Sep 03 20:33:30 +0000 2014||1||0
507265189285470209||1172913468||RT @MuniLima: . @GGG_pe: el lunes operaremos con 150 buses y fiscalizaremos taxis colectivos para mejorar operación del #CorredorAzul||Wed Sep 03 20:33:40 +0000 2014||1||0
507265351093342208||2491860506||#publicidadRestringida? RT MUNILIMA RT @SITLima: ATENCIÓN: Ya se reestableció servicio del #CorredorAzul en ambos se||Wed Sep 03 20:34:18 +0000 2014||1||0
507265387323736065||546302204||RT @SITLima: #CorredorAzul: recuerda que el servicio expreso 303 Virú - Pardo se detiene en menos paraderos http://t.co/PTlswa4LUD||Wed Sep 03 20:34:27 +0000 2014||1||0
507265399730503681||380601032||Se malogra un bus chatarra del #CorredorAzul, son cosas que pasan. Se malogra Facebook, llegó el apocalipsis. Ladyvaguismo 101.||Wed Sep 03 20:34:30 +0000 2014||0||0
507265498116263936||546302204||RT @gerardolipe: "En LA COUSTER ibamos comodos, estos BUSES siempre van llenos"  " foto #CorredorAzul #ReformaTransporte http://t.co/gl8s4o…||Wed Sep 03 20:34:53 +0000 2014||1||0
507265545478352897||546302204||RT @piacostar: Tótem de paradero Villar vandalizado #corredorazul http://t.co/mqriW1I5EG||Wed Sep 03 20:35:05 +0000 2014||1||0
507265615686807552||546302204||RT @SITLima: ¿Ya revisaste nuestra web http://t.co/wX5HRZwigf con toda la info sobre el #CorredorAzul? http://t.co/LT1lcUYGQC||Wed Sep 03 20:35:21 +0000 2014||1||0
507265692207706112||546302204||RT @paulosbita: Que cosas no? Buses choteados del #CorredorAzul ahora son transporte de la portatil de Luis Castañeda http://t.co/htAQi9CCVn||Wed Sep 03 20:35:40 +0000 2014||1||0
507265709760847872||158957235||Sres caviares ¡PLANIFICAR! Es donde se ponen todos los posibles escenarios y NO! Los posibles votos a ganar #CorredorAzul||Wed Sep 03 20:35:44 +0000 2014||0||0
507265795958009856||303023631||RT @YoDesinformo: Tuiteros y Feisbuqueros q trabajan para el #CorredorAzul ven en riesgo su platos de lentejas, se cayó Facebook.||Wed Sep 03 20:36:04 +0000 2014||1||0
507265831613763584||43982259||RT @Yoleoencombis: Si viajas en el #CorredorAzul lleva un libro.||Wed Sep 03 20:36:13 +0000 2014||1||0
507265861942800384||245082205||RT @Jimmyenlanada: Una tia dice "he gastado 3 soles en pasaje, antes gastaba 1 sol". Cínica, ahora no se paga nada. #Sembrada #CorredorAzul||Wed Sep 03 20:36:20 +0000 2014||1||0
507265896872947712||570524659||RT @ojoizquierdismo: Vergonzante #CorredorAzul RT@Jaicec @uterope sube post con video armado a favor de #ReformaDelTransporte y lo borra ht…||Wed Sep 03 20:36:29 +0000 2014||1||0
507265938216194048||303023631||JAJAJAJAJA RT @YoDesinformo Tuiteros y Feisbuqueros q trabajan para el #CorredorAzul ven en riesgo su platos de lentejas, se cayó Facebook.||Wed Sep 03 20:36:38 +0000 2014||1||0
507266038745276416||2788580090||RT @Agencia_Andina: Flota aumentará a 150 buses desde el próximo lunes en #CorredorAzul http://t.co/SPHRNukdt9 http://t.co/uzuge1Gj5Y||Wed Sep 03 20:37:02 +0000 2014||1||0
507266058815021056||34398417||RT @paolamiglio: Tranquilo en #CorredorAzul en la Arequipa. Buses semi vacíos y tránsito súper fluido. Parecen los 80.||Wed Sep 03 20:37:07 +0000 2014||1||0
507266105803816961||266751483||RT @Yoleoencombis: Si viajas en el #CorredorAzul lleva un libro.||Wed Sep 03 20:37:18 +0000 2014||1||0
507266162850557955||606501919||#CorredorAzul la arequipa estara libre decian...no habra trafico decian...@ChinoyAdolfo @Studio92 http://t.co/IioBHA01m7||Wed Sep 03 20:37:32 +0000 2014||0||0
507266173449551873||48576339||Parece que de pronto todo mundo va por Tacna-Arequipa y viajaban en buses de lujo y llegaban puntual sin tràfico #CorredorAzul.||Wed Sep 03 20:37:34 +0000 2014||0||0
507266205175250944||546302204||RT @Agencia_Andina: #FotoInteractiva Todo lo que debes saber del #CorredorAzul http://t.co/1MsBQ6UikO http://t.co/PuvOet3SRr||Wed Sep 03 20:37:42 +0000 2014||1||0
507266373999788032||67092041||RT @Jimmyenlanada: Parece que de pronto todo mundo va por Tacna-Arequipa y viajaban en buses de lujo y llegaban puntual sin tràfico #Corred…||Wed Sep 03 20:38:22 +0000 2014||1||0
507266555680677888||570524659||Los que hablan de #ProblemasLimenos no usan el #CorredorAzul @MemesVillaran @memepoliticope @DuchoDepe http://t.co/LkqqKGbOBS||Wed Sep 03 20:39:06 +0000 2014||0||0
507266717073309696||48576339||Caminen carajo. Hagan su cola y suban ordenadamente, dejen de vivir y viajar como bestias #CorredorAzul.||Wed Sep 03 20:39:44 +0000 2014||0||0
507266803652124672||1319048400||RT @Jimmyenlanada: Parece que de pronto todo mundo va por Tacna-Arequipa y viajaban en buses de lujo y llegaban puntual sin tràfico #Corred…||Wed Sep 03 20:40:05 +0000 2014||1||0
507266849260982272||291870169||#FOTOS A propósito del #CorredorAzul , mira cómo era el transporte público hace décadas http://t.co/04xOKE6q36||Wed Sep 03 20:40:16 +0000 2014||0||0
507266890025402369||1319048400||RT @Jimmyenlanada: Caminen carajo. Hagan su cola y suban ordenadamente, dejen de vivir y viajar como bestias #CorredorAzul.||Wed Sep 03 20:40:25 +0000 2014||1||0
507267066584645632||112175762||#CorredorAzul Si causa fue lanzado al champan!  que le queda mejorar Obvio es un Ya que chucha mas al cual la gente se tiene que acostumbrar||Wed Sep 03 20:41:07 +0000 2014||0||0
507267072771239937||2353310050||RT @Jimmyenlanada: Caminen carajo. Hagan su cola y suban ordenadamente, dejen de vivir y viajar como bestias #CorredorAzul.||Wed Sep 03 20:41:09 +0000 2014||1||0
507267096070590464||46548547||RT @Jimmyenlanada: Parece que de pronto todo mundo va por Tacna-Arequipa y viajaban en buses de lujo y llegaban puntual sin tràfico #Corred…||Wed Sep 03 20:41:14 +0000 2014||1||0
507267317273993217||2353310050||RT @Jimmyenlanada: Parece que de pronto todo mundo va por Tacna-Arequipa y viajaban en buses de lujo y llegaban puntual sin tràfico #Corred…||Wed Sep 03 20:42:07 +0000 2014||1||0
507267360932528128||269620583||RT @Jimmyenlanada: Parece que de pronto todo mundo va por Tacna-Arequipa y viajaban en buses de lujo y llegaban puntual sin tràfico #Corred…||Wed Sep 03 20:42:18 +0000 2014||1||0
507267470152196096||39620329||Hacen recomendaciones para mejorar #CorredorAzul http://t.co/XLls1CSozn http://t.co/MqGmgboxVz||Wed Sep 03 20:42:44 +0000 2014||0||0
507267473054658561||269620583||RT @Jimmyenlanada: Caminen carajo. Hagan su cola y suban ordenadamente, dejen de vivir y viajar como bestias #CorredorAzul.||Wed Sep 03 20:42:44 +0000 2014||1||0
507267535788855297||25040249||Viralicen esto en vez de lo del Transantiago, qué tal?. #CorredorAzul https://t.co/HjWId57cYf||Wed Sep 03 20:42:59 +0000 2014||0||0
507267639203594240||2735512894||RT @elchepipe: Los que hablan de #ProblemasLimenos no usan el #CorredorAzul @MemesVillaran @memepoliticope @DuchoDepe http://t.co/LkqqKGbOBS||Wed Sep 03 20:43:24 +0000 2014||1||0
507267650796650496||223360367||Ahora caminar 3 cuadras más #CorredorAzul||Wed Sep 03 20:43:27 +0000 2014||0||0
507267714818519042||16818575||El 303 del #CorredorAzul vs El Expreso 5 del #Metropolitano .... FIGHT!!||Wed Sep 03 20:43:42 +0000 2014||0||0
507267764260995072||245082205||#CorredorAzul si tanto criticas que caminas 2 cuadras y haces cola, fácil, súbete a esas combis mugrientas de Orión que aún circulan||Wed Sep 03 20:43:54 +0000 2014||0||0
507267817117593600||2656895869||RT @elchepipe: Los que hablan de #ProblemasLimenos no usan el #CorredorAzul @MemesVillaran @memepoliticope @DuchoDepe http://t.co/LkqqKGbOBS||Wed Sep 03 20:44:06 +0000 2014||1||0
507267963716898816||269620583||RT @Tonymontana3636: #CorredorAzul si tanto criticas que caminas 2 cuadras y haces cola, fácil, súbete a esas combis mugrientas de Orión qu…||Wed Sep 03 20:44:41 +0000 2014||1||0
507268065525248000||2644983042||TT PERÚ 15:45. 1.#estoeschape. 2.#frasesdecandy. 3.#CorredorAzul. 4.#SituaciónSentimental. 5.#yosoyrespetamicomentario. 6.Lima. 7.Susana. 8.Lourdes||Wed Sep 03 20:45:06 +0000 2014||0||0
507268099608158209||359690398||RT @jovennostalgico: Ángel Di María es el verdadero corredor azul #corredorazul http://t.co/TpYSeuG2mn||Wed Sep 03 20:45:14 +0000 2014||1||0
507268107615096832||724723418||"Apurar una reforma necesaria con fines electorales, más que atrevimiento, es una falta de respeto"--&gt; http://t.co/umOALYp0oq #CorredorAzul||Wed Sep 03 20:45:16 +0000 2014||0||0
507268224896204800||275264827||RT @terrape: Hacen recomendaciones para mejorar #CorredorAzul http://t.co/XLls1CSozn http://t.co/MqGmgboxVz||Wed Sep 03 20:45:44 +0000 2014||1||0
507268319461007360||1711331106||#CorredorAzul ¿El Perú progresa?.... yo creo que si.||Wed Sep 03 20:46:06 +0000 2014||0||0
507268339337818112||48564819||RT @sociedad_ECpe: .@MuniMiraflores dice que #corredorazul causa tráfico y pide mejoras a @MuniLima http://t.co/XNeARMcboi http://t.co/cYA6…||Wed Sep 03 20:46:11 +0000 2014||1||0
507268547891171329||158957235||Salieron los caviares ¡perdón! Los jureles a morder la yugular NO! Saben como justificar la pésima gestión del #CorredorAzul||Wed Sep 03 20:47:01 +0000 2014||0||0
507269380485677057||158957235||Debemos apoyar el cambio en transporte publico ¡Claro que si! Siempre q,se haga bien planificado y NO! En momento electoral #CorredorAzul :(||Wed Sep 03 20:50:19 +0000 2014||0||0
507269419543064576||170304572||RT @uterodemarquito: Se malogra un bus chatarra del #CorredorAzul, son cosas que pasan. Se malogra Facebook, llegó el apocalipsis. Ladyvagu…||Wed Sep 03 20:50:28 +0000 2014||1||0
507269617538981890||930959838||Tantas quejas por #CorredorAzul NO son casualidad http://t.co/O66wCo3GzL||Wed Sep 03 20:51:16 +0000 2014||0||0
507269820187148288||910898497||Todos los días es tendencia!!! #CorredorAzul||Wed Sep 03 20:52:04 +0000 2014||0||0
507269880950063104||122459855||RT @LimaNOpara: Tantas quejas por #CorredorAzul NO son casualidad http://t.co/O66wCo3GzL||Wed Sep 03 20:52:18 +0000 2014||1||0
507270006347145217||724723418||RT @elchepipe: Los que hablan de #ProblemasLimenos no usan el #CorredorAzul @MemesVillaran @memepoliticope @DuchoDepe http://t.co/LkqqKGbOBS||Wed Sep 03 20:52:48 +0000 2014||1||0
507270035803758592||2649431947||#CorredorAzul Opciones y Beneficios del #EjercicioCardiovascular en Tu Rutina De Ejercicios http://t.co/dmJV6zG7c3||Wed Sep 03 20:52:55 +0000 2014||0||0
507270247301533696||2295712067||@elchepipe @MemesVillaran @memepoliticope @DuchoDepe Esa gente que no tiene que esperar mas de 30 min. por un bus del #CorredorAzul repleto!||Wed Sep 03 20:53:46 +0000 2014||0||0
507270258152177664||213483685||RT @elchepipe: #ProblemasLimenos los q tienen los adultos mayores con el #CorredorAzul @Patricia_Neyra @memepoliticope @bufalo_asao http://…||Wed Sep 03 20:53:48 +0000 2014||1||0
507270323298127873||343181677||RT @ojoizquierdismo: Vergonzante #CorredorAzul RT@Jaicec @uterope sube post con video armado a favor de #ReformaDelTransporte y lo borra ht…||Wed Sep 03 20:54:04 +0000 2014||1||0
507270427266539520||1158567254||RT @SITLima: VIDEO: @GGG_pe informó sobre mejoras que se implementarán en el servicio del #CorredorAzul  http://t.co/bXjPdcSPhA||Wed Sep 03 20:54:29 +0000 2014||1||0
507270443829821440||2295712067||@paolamiglio depende de la hora que lo tomes! #CorredorAzul||Wed Sep 03 20:54:33 +0000 2014||0||0
507270473500356608||170304572||RT @elchepipe: #ProblemasLimenos los q tienen los adultos mayores con el #CorredorAzul @Patricia_Neyra @memepoliticope @bufalo_asao http://…||Wed Sep 03 20:54:40 +0000 2014||1||0
507270543624929280||235026130||RT @miguelpriale: Se incrementan buses... Presidente de Protransporte @GGG_pe anunció medidas para mejorar #CorredorAzul: http://t.co/mqYEZ…||Wed Sep 03 20:54:56 +0000 2014||1||0
507270626097512448||48576339||"Ahora tengo que caminar" dicen los quejicas. Y antes què hacìan? volaban y ahora les cortaron las alas? Vàyanse a la mierda #CorredorAzul.||Wed Sep 03 20:55:16 +0000 2014||0||0
507270689188233216||570524659||@Patricia_Neyra @juliuseternus @JustinoHerrera1 Los que hablan de #ProblemasLimenos no usan el #CorredorAzul http://t.co/uMzJ1t4bxh||Wed Sep 03 20:55:31 +0000 2014||0||0
507270695588732930||343181677||#FelpudoMediatico RT @ojoizquierdismo @Jaicec: Vergonzoso #CorredorAzul @uterope sube video BAMBA a favor d #ReformaDelTransporte y lo borra||Wed Sep 03 20:55:33 +0000 2014||1||0
507270752283160577||87804120||RT @Dantuzum: "Apurar una reforma necesaria con fines electorales, más que atrevimiento, es una falta de respeto"--&gt; http://t.co/umOALYp0oq…||Wed Sep 03 20:55:46 +0000 2014||1||0
507270858541649920||394879549||RT @LimaNOpara: Tantas quejas por #CorredorAzul NO son casualidad http://t.co/O66wCo3GzL||Wed Sep 03 20:56:12 +0000 2014||1||0
507270859862855681||170304572||RT @elchepipe: Los que hablan de #ProblemasLimenos no usan el #CorredorAzul @MemesVillaran @memepoliticope @DuchoDepe http://t.co/LkqqKGbOBS||Wed Sep 03 20:56:12 +0000 2014||1||0
507270910311952384||497133412||RT @LimaNOpara: Tantas quejas por #CorredorAzul NO son casualidad http://t.co/O66wCo3GzL||Wed Sep 03 20:56:24 +0000 2014||1||0
507270972333129728||2360063580||(I) Ahora los villaranistas crean memes con #limeñadas...para darle impulso al mal hecho #CorredorAzul. Nadie se opone a las reformas||Wed Sep 03 20:56:39 +0000 2014||0||0
507271071251587072||343181677||@PaulLIVEb @ojoizquierdismo @Jaicec Es decir, NO es vergonzoso q @uterope FALSIFIQUE video solo para apoyar a candidata?? ASCO #CorredorAzul||Wed Sep 03 20:57:02 +0000 2014||0||0
507271200209641473||851320339||@elchepipe @memepoliticope @MemesVillaran @DuchoDepe No usan el #CorredorAzul pero saben de problemas ya q solo se dedican a estudiarlos||Wed Sep 03 20:57:33 +0000 2014||0||0
507271232593887233||305137424||RT @Agencia_Andina: Flota aumentará a 150 buses desde el próximo lunes en #CorredorAzul http://t.co/SPHRNukdt9 http://t.co/uzuge1Gj5Y||Wed Sep 03 20:57:41 +0000 2014||1||0
507271261928820736||1172913468||RT @SITLima: ATENCIÓN: Estamos desviando los buses del #CorredorAzul por incendio en Av. Wilson en sentido Rímac - Miraflores||Wed Sep 03 20:57:48 +0000 2014||1||0
507271295630061569||19699171||RT @Agencia_Andina: Flota aumentará a 150 buses desde el próximo lunes en #CorredorAzul http://t.co/SPHRNukdt9 http://t.co/uzuge1Gj5Y||Wed Sep 03 20:57:56 +0000 2014||1||0
507271524198649857||40767041||RT @eduardosolis: ??? "@MARTINZOTE: Siguen llegando buses de Chosica con gente "buena onda" que vienen a "probar" el #CorredorAzul||Wed Sep 03 20:58:50 +0000 2014||1||0
507271567567368192||210785140||@elcomercio entre azul y amarillo, me quedo con azul #CorredorAzul #Bonitocolor http://t.co/ku2HOJpaVq||Wed Sep 03 20:59:01 +0000 2014||0||0
507271604494417920||2735512894||Leyendo estupideces "Si a @ALANGARCIAPERU le tomo 20 años l #trenelectrico, xq no le tienen paciencia a @SusanaVillaran y su #CorredorAzul"||Wed Sep 03 20:59:09 +0000 2014||0||0
507271660823937024||183016994||RT @jovennostalgico: Ángel Di María es el verdadero corredor azul #corredorazul http://t.co/TpYSeuG2mn||Wed Sep 03 20:59:23 +0000 2014||1||0
507271684567891969||2360063580||(II) Las reformas son buenas, pero no una que lanzan para ensayar...y a ver q pasa. Soy d ser paciente...pero abusan. #CorredorAzul esta mal||Wed Sep 03 20:59:28 +0000 2014||0||0
507271735595397120||229983707||La #MML pide "paciencia" a los usuarios del #CorredorAzul. ¿Realmente se puede tener MAS paciencia a esta gestion tan inutil? ¿Mas?||Wed Sep 03 20:59:41 +0000 2014||0||0
507271905934835712||83704948||RT @Publimetrope: #FOTOS A propósito del #CorredorAzul , mira cómo era el transporte público hace décadas http://t.co/04xOKE6q36||Wed Sep 03 21:00:21 +0000 2014||1||0
507271944652472320||8217762||RT @pacobardales: A esta hora los buses del #CorredorAzul pasan vacíos y tranquilos, con orden. Los usuarios serenos hacen  su cola||Wed Sep 03 21:00:30 +0000 2014||1||0
507271958179090433||408908064||RT @LimaNOpara: Tantas quejas por #CorredorAzul NO son casualidad http://t.co/O66wCo3GzL||Wed Sep 03 21:00:34 +0000 2014||1||0
507272007046946817||48576339||En el tren todo los dìas viajamos como judíos de Schindler y no hay ningùn canal haciendo un reportaje ni quejicas llorando #CorredorAzul||Wed Sep 03 21:00:45 +0000 2014||0||0
507272106531627008||351564819||RT @pacobardales: A esta hora los buses del #CorredorAzul pasan vacíos y tranquilos, con orden. Los usuarios serenos hacen  su cola||Wed Sep 03 21:01:09 +0000 2014||1||0
507272126626557952||176619775||RT @ojoizquierdismo: Vergonzante #CorredorAzul RT@Jaicec @uterope sube post con video armado a favor de #ReformaDelTransporte y lo borra ht…||Wed Sep 03 21:01:14 +0000 2014||1||0
507272145987465216||2162051299||RT @Makizaro: #CorredorAzul del paradero inicial del Rimac hasta JP en 40 min eso no puede llamarse "tráfico", un éxito||Wed Sep 03 21:01:18 +0000 2014||1||0
507272184403091457||143172628||@ojoizquierdismo el problema no s quien sea el alcalde, el prob del #corredorazul es q ningun alcalde se atrivio x q te quita votos. Piensen||Wed Sep 03 21:01:28 +0000 2014||0||0
507272190635814912||2786993815||RT @memepoliticope: Leyendo estupideces "Si a @ALANGARCIAPERU le tomo 20 años l #trenelectrico, xq no le tienen paciencia a @SusanaVillaran…||Wed Sep 03 21:01:29 +0000 2014||1||0
507272219748478976||351216906||RT @Giancamusic: #CorredorAzul la arequipa estara libre decian...no habra trafico decian...@ChinoyAdolfo @Studio92 http://t.co/IioBHA01m7||Wed Sep 03 21:01:36 +0000 2014||1||0
507272304603447296||235801990||RT @Tonymontana3636: #CorredorAzul si tanto criticas que caminas 2 cuadras y haces cola, fácil, súbete a esas combis mugrientas de Orión qu…||Wed Sep 03 21:01:56 +0000 2014||1||0
507272340888358912||1172913468||RT @canalN_: #Protransporte estima que en 15 días el #CorredorAzul funcione plenamente ► http://t.co/qVXO8Yubz1||Wed Sep 03 21:02:05 +0000 2014||1||0
507272378993618945||82405152||RT @Jimmyenlanada: Parece que de pronto todo mundo va por Tacna-Arequipa y viajaban en buses de lujo y llegaban puntual sin tràfico #Corred…||Wed Sep 03 21:02:14 +0000 2014||1||0
507272445162958849||2786993815||RT @uterodemarquito: Se malogra un bus chatarra del #CorredorAzul, son cosas que pasan. Se malogra Facebook, llegó el apocalipsis. Ladyvagu…||Wed Sep 03 21:02:30 +0000 2014||1||0
507272514297679872||82405152||RT @jovennostalgico: Ángel Di María es el verdadero corredor azul #corredorazul http://t.co/TpYSeuG2mn||Wed Sep 03 21:02:46 +0000 2014||1||0
507272598242471936||176619775||@desdeurbania @ojoizquierdismo @Jaicec @uterope #FelpudoMediatico #CorredorAzul #ReformaDelTransporte Otro a quien le rompieron la mano ?||Wed Sep 03 21:03:06 +0000 2014||0||0
507272646242107393||112757168||RT @Publimetrope: #FOTOS A propósito del #CorredorAzul , mira cómo era el transporte público hace décadas http://t.co/04xOKE6q36||Wed Sep 03 21:03:18 +0000 2014||1||0
507272679628734464||2192923142||Twitter dice que estos HT están super HOT #CorredorAzul #SituaciónSentimental #frasesdecandy #estoeschape pwrd by http://t.co/jP7p5RAhPN||Wed Sep 03 21:03:26 +0000 2014||0||0
507272810994352128||2553253250||RT @uterodemarquito: Se malogra un bus chatarra del #CorredorAzul, son cosas que pasan. Se malogra Facebook, llegó el apocalipsis. Ladyvagu…||Wed Sep 03 21:03:57 +0000 2014||1||0
507272819269726208||2786993815||RT @elchepipe: Los que hablan de #ProblemasLimenos no usan el #CorredorAzul @MemesVillaran @memepoliticope @DuchoDepe http://t.co/LkqqKGbOBS||Wed Sep 03 21:03:59 +0000 2014||1||0
507272908386107393||72282654||#CorredorAzul #EsculpadeVillarán #EsculpadeVillarán #EsculpadeVillarán #EsculpadeVillarán #EsculpadeVillarán #EsculpadeVillarán||Wed Sep 03 21:04:20 +0000 2014||0||0
507272909711474689||2598229142||#corredorazul Basta de Humillacion. Lima no merece este maltrato.||Wed Sep 03 21:04:21 +0000 2014||0||0
507272988644110336||270432918||RT @uterodemarquito: Se malogra un bus chatarra del #CorredorAzul, son cosas que pasan. Se malogra Facebook, llegó el apocalipsis. Ladyvagu…||Wed Sep 03 21:04:39 +0000 2014||1||0
507273097708576768||2644983042||TT PERÚ 16:05. 1.#estoeschape. 2.#frasesdecandy. 3.Lourdes. 4.#CorredorAzul. 5.#SituaciónSentimental. 6.#yosoyrespetamicomentario. 7.Lima. 8.Susana||Wed Sep 03 21:05:05 +0000 2014||0||0
507273253694734337||317231099||RT @larryportera: La cobertura del #corredorazul sin combis, veinte años después; también demuestra lo mal que anda el periodismo…||Wed Sep 03 21:05:43 +0000 2014||1||0
507273377263140865||898284780||RT @sociedad_ECpe: Colectivos y taxis que entren a #corredorazul serán llevados al depósito http://t.co/iiHQ571o4u http://t.co/9fU09rBgz1||Wed Sep 03 21:06:12 +0000 2014||1||0
507273401070010368||1172913468||RT @SITLima: ATENCIÓN: Ya se reestableció servicio del #CorredorAzul en ambos sentidos de la avenida Garcilaso de la Vega||Wed Sep 03 21:06:18 +0000 2014||1||0
507273413875204096||289099928||@PaulLIVEb Hacer el corredor te quita votos? Hacerlo mal quita votos! #CorredorAZUL||Wed Sep 03 21:06:21 +0000 2014||0||0
507273529365397504||2598229142||#corredorazul Basta de Humillacion, Lima no merece este maltrato. Fuera Villaran das asco.||Wed Sep 03 21:06:48 +0000 2014||0||0
507273573225230337||2372153659||RT @eljorobado: Mi columna hoy en @Peru21pe sobre la "cultura combi", el #CorredorAzul y Villarán: http://t.co/DtTeqAqn1J||Wed Sep 03 21:06:59 +0000 2014||1||0
507273614883037185||278760496||RT @Tonymontana3636: #CorredorAzul si tanto criticas que caminas 2 cuadras y haces cola, fácil, súbete a esas combis mugrientas de Orión qu…||Wed Sep 03 21:07:09 +0000 2014||1||0
507273866121850880||278760496||RT @Gestionpe: #CorredorAzul: cinco ciudades de Sudamérica utilizan un transporte público similar  http://t.co/5B5A4Ug5fY||Wed Sep 03 21:08:09 +0000 2014||1||0
507273914423472128||2598229142||#corredorazul de mierda!!! fuera humilladora Villaran. TE va a explotar en la cara tu mañoseria!||Wed Sep 03 21:08:20 +0000 2014||0||0
507274014319210497||2553253250||RT @uterodemarquito: Mi solidaridad con los ladyvaguistas. La caída de Facebook no les permitirá alabar el #CorredorAzul desde el Starbucks…||Wed Sep 03 21:08:44 +0000 2014||1||0
507274073077194752||408212861||"@TheMaxxProject Los noticieros cubren el tercer día del #CorredorAzul como si fuera el tercer día de ocupación nazi."||Wed Sep 03 21:08:58 +0000 2014||0||0
507274097743888384||6149752||RT @DuchoDepe: [VIDEO] Misma señora declara a 2 medios y no hace cola. Recita el mismo guión a favor de #Villarán #CorredorAzul https://t.c…||Wed Sep 03 21:09:04 +0000 2014||1||0
507274148637593600||170304572||RT @uterodemarquito: Mi solidaridad con los ladyvaguistas. La caída de Facebook no les permitirá alabar el #CorredorAzul desde el Starbucks…||Wed Sep 03 21:09:16 +0000 2014||1||0
507274359422320641||752303558||RT @Zambitopeloduro: #CorredorAzul No solo hacen falta buenos gobernantes sino también buenos ciudadanos. http://t.co/7ZAwGV6h5X||Wed Sep 03 21:10:06 +0000 2014||1||0
507274419304423425||54448230||RT @Jimmyenlanada: Parece que de pronto todo mundo va por Tacna-Arequipa y viajaban en buses de lujo y llegaban puntual sin tràfico #Corred…||Wed Sep 03 21:10:20 +0000 2014||1||0
507274443375529984||23627131||Yo &lt;3 leer RT @Yoleoencombis Si viajas en el #CorredorAzul lleva un libro /RT de @redliteraria||Wed Sep 03 21:10:26 +0000 2014||1||0
507274797668397056||1367439847||TT Peru  . 1.#estoeschape. 2.#frasesdecandy. 3.Lourdes. 4.#CorredorAzul. 5.#SituaciónSentimental. 6.#yosoyrespetamicomentario. 7.Lima. 8.Susana||Wed Sep 03 21:11:51 +0000 2014||0||0
507274826894278656||1516883257||RT @rofacio: Yo &lt;3 leer RT @Yoleoencombis Si viajas en el #CorredorAzul lleva un libro /RT de @redliteraria||Wed Sep 03 21:11:58 +0000 2014||1||0
507274877309816832||2360063580||(V) Las cúster no hacen su ruta normal, porque está el #CorredorAzul. Ni si quiera pasan. No hay vías alternas más q tomar un taxi.||Wed Sep 03 21:12:10 +0000 2014||0||0
507274898520436737||289099928||@PaulLIVEb El transmilenio es el molde del metropolitano, otra cosa, hablan piedras #CorredorAzul||Wed Sep 03 21:12:15 +0000 2014||0||0
507274939331014656||143212006||RT @uterodemarquito: Mi solidaridad con los ladyvaguistas. La caída de Facebook no les permitirá alabar el #CorredorAzul desde el Starbucks…||Wed Sep 03 21:12:24 +0000 2014||1||0
507274970247217152||1367439847||TT Peru 4:11. 1.#estoeschape. 2.#frasesdecandy. 3.Lourdes. 4.#CorredorAzul. 5.#SituaciónSentimental. 6.#yosoyrespetamicomentario. 7.Lima. 8.Susana||Wed Sep 03 21:12:32 +0000 2014||0||0
507275043551084544||343181677||#FavreCado RT Misma señora declara a 2 medios y no hace cola. Recita mismo guión a favor d #Villarán #CorredorAzul https://t.co/SbnHehMMA6 …||Wed Sep 03 21:12:49 +0000 2014||1||0
507275133397270528||79124132||Lameculos N#1 de Susana MIENTE con video dnd tía pagada alaba #CorredorAzul  y luego lo quita https://t.co/pdvvt6b80B http://t.co/Dwbx9kbbrD||Wed Sep 03 21:13:11 +0000 2014||0||0
507275306756239360||2735512894||RT @elhigadodmarita: Lameculos N#1 de Susana MIENTE con video dnd tía pagada alaba #CorredorAzul  y luego lo quita https://t.co/pdvvt6b80B …||Wed Sep 03 21:13:52 +0000 2014||1||0
507275324552642560||170304572||RT @DuchoDepe: [VIDEO] Misma señora declara a 2 medios y no hace cola. Recita el mismo guión a favor de #Villarán #CorredorAzul https://t.c…||Wed Sep 03 21:13:56 +0000 2014||1||0
507275389681799170||70933616||RT @elhigadodmarita: Lameculos N#1 de Susana MIENTE con video dnd tía pagada alaba #CorredorAzul  y luego lo quita https://t.co/pdvvt6b80B …||Wed Sep 03 21:14:12 +0000 2014||1||0
507275448196542464||115419329||RT @spencerlandia: UFF!!!. . Para que leas antes de quejarte de #CorredorAzul: mira cómo fue inicio de operaciones en otras ciudades. http://t…||Wed Sep 03 21:14:26 +0000 2014||1||0
507275483583873024||249327624||RT @DuchoDepe: [VIDEO] Misma señora declara a 2 medios y no hace cola. Recita el mismo guión a favor de #Villarán #CorredorAzul https://t.c…||Wed Sep 03 21:14:34 +0000 2014||1||0
507275519126433792||442283723||RT @elhigadodmarita: Lameculos N#1 de Susana MIENTE con video dnd tía pagada alaba #CorredorAzul  y luego lo quita https://t.co/pdvvt6b80B …||Wed Sep 03 21:14:43 +0000 2014||1||0
507275668850483201||848578651||RT @YoDesinformo: Tuiteros y Feisbuqueros q trabajan para el #CorredorAzul ven en riesgo su platos de lentejas, se cayó Facebook.||Wed Sep 03 21:15:18 +0000 2014||1||0
507275725930786816||2656895869||RT @danielzavala27: @elchepipe @MemesVillaran @memepoliticope @DuchoDepe Esa gente que no tiene que esperar mas de 30 min. por un bus del #…||Wed Sep 03 21:15:32 +0000 2014||1||0
507275777105084417||317304664||RT @elhigadodmarita: Lameculos N#1 de Susana MIENTE con video dnd tía pagada alaba #CorredorAzul  y luego lo quita https://t.co/pdvvt6b80B …||Wed Sep 03 21:15:44 +0000 2014||1||0
507275828053680128||6149752||RT @elhigadodmarita: Lameculos N#1 de Susana MIENTE con video dnd tía pagada alaba #CorredorAzul  y luego lo quita https://t.co/pdvvt6b80B …||Wed Sep 03 21:15:56 +0000 2014||1||0
507275949763997696||249327624||SV usa “TANGUERAS” (cómplices). “@DuchoDepe: [VIDEO] Misma señora declara a 2 medios .. favor de #CorredorAzul https://t.co/N3dWVzgzti”||Wed Sep 03 21:16:25 +0000 2014||0||0
507276146724315136||34098129||RT @GustavoPalomino: Reportero de RPP le pregunta a pasajero de #CorredorAzul "¿qué mejoras pedirías?" y este responde: "que cambien de alc…||Wed Sep 03 21:17:12 +0000 2014||1||0
507276197496365057||158871696||Inician operativos de @GTULima para fiscalizar taxis colectivos en #CorredorAzul http://t.co/V31g2moOBV||Wed Sep 03 21:17:24 +0000 2014||0||0
507276312172822528||349244870||RT @Tonymontana3636: #CorredorAzul si tanto criticas que caminas 2 cuadras y haces cola, fácil, súbete a esas combis mugrientas de Orión qu…||Wed Sep 03 21:17:52 +0000 2014||1||0
507276380120576000||399582464||RT @uterodemarquito: Mi solidaridad con los ladyvaguistas. La caída de Facebook no les permitirá alabar el #CorredorAzul desde el Starbucks…||Wed Sep 03 21:18:08 +0000 2014||1||0
507276384302276608||2360063580||Yo pido que se suspenda el #CorredorAzul...hasta q se solucionen todos los inconvenientes. Sé q habrá un candidato q apoyará esto. (VII)||Wed Sep 03 21:18:09 +0000 2014||0||0
507276394712547328||399582464||RT @uterodemarquito: Se malogra un bus chatarra del #CorredorAzul, son cosas que pasan. Se malogra Facebook, llegó el apocalipsis. Ladyvagu…||Wed Sep 03 21:18:11 +0000 2014||1||0
507276581401001985||102246682||RT @Zambitopeloduro: #CorredorAzul No solo hacen falta buenos gobernantes sino también buenos ciudadanos. http://t.co/7ZAwGV6h5X||Wed Sep 03 21:18:56 +0000 2014||1||0
507276734342103042||570524659||@ardillipillin hablan hoy del #CorredorAzul, mañana.... http://t.co/pXhm3TVNZT||Wed Sep 03 21:19:32 +0000 2014||0||0
507276801463566336||27823803||Por fin un uso justificado del dron RT @RPPNoticias: El vuelo del #DronDeRPP Noticias en el 3er día del #CorredorAzul http://t.co/hfpuz06M7G||Wed Sep 03 21:19:48 +0000 2014||1||0
507276816915369984||472518419||@Capital967 la linea 301 del #CorredorAzul pasa cada 15m. PERO NO podemos subir si llega REPLETO! Con + unidades se solucionaría ese detalle||Wed Sep 03 21:19:52 +0000 2014||0||0
507276983139844096||154273719||RT @uterodemarquito: Se malogra un bus chatarra del #CorredorAzul, son cosas que pasan. Se malogra Facebook, llegó el apocalipsis. Ladyvagu…||Wed Sep 03 21:20:32 +0000 2014||1||0
507277030795542528||39850966||RT @DuchoDepe: [VIDEO] Misma señora declara a 2 medios y no hace cola. Recita el mismo guión a favor de #Villarán #CorredorAzul https://t.c…||Wed Sep 03 21:20:43 +0000 2014||1||0
507277109140938752||386291893||RT @YoDesinformo: Tuiteros y Feisbuqueros q trabajan para el #CorredorAzul ven en riesgo su platos de lentejas, se cayó Facebook.||Wed Sep 03 21:21:02 +0000 2014||1||0
507277155785777152||154273719||RT @uterodemarquito: Mi solidaridad con los ladyvaguistas. La caída de Facebook no les permitirá alabar el #CorredorAzul desde el Starbucks…||Wed Sep 03 21:21:13 +0000 2014||1||0
507277156343635968||442283723||#CaviaresBebitas #CorredorAzul #OkNo http://t.co/LJPHKo8ewI||Wed Sep 03 21:21:13 +0000 2014||0||0
507277196369870848||386291893||RT @uterodemarquito: Mi solidaridad con los ladyvaguistas. La caída de Facebook no les permitirá alabar el #CorredorAzul desde el Starbucks…||Wed Sep 03 21:21:23 +0000 2014||1||0
507277236626788352||249327624||Un ESTAFADOR usa TANGUEROS (cómplices) para joderte. Oh casualidad, Chitos =&gt;  https://t.co/N3dWVzgzti. Suave @suselparedes #CorredorAzul||Wed Sep 03 21:21:32 +0000 2014||0||0
507277368428613632||185024217||RT @Yoleoencombis: @pacobardales Si viajas en el #corredorazul lleva un libro. http://t.co/LWnZp8OJPS||Wed Sep 03 21:22:04 +0000 2014||1||0
507277412309426176||66746614||#CorredorAzul: flota de buses aumentará a 150 desde el próximo lunes http://t.co/c54DETvFqK http://t.co/CFPIsyK8v8||Wed Sep 03 21:22:14 +0000 2014||0||0
